Arguments: 
  C:\Program Files\nodejs\node.exe C:\Users\user\AppData\Roaming\npm\node_modules\yarn\bin\yarn.js install

PATH: 
  C:\Users\user\Desktop\Blockchain\start\node_modules\.bin;C:\Users\user\Desktop\Blockchain\node_modules\.bin;C:\Users\user\Desktop\node_modules\.bin;C:\Users\user\node_modules\.bin;C:\Users\node_modules\.bin;C:\node_modules\.bin;C:\Program Files\nodejs\node_modules\npm\node_modules\@npmcli\run-script\lib\node-gyp-bin;C:\Program Files (x86)\Common Files\Oracle\Java\javapath;C:\Program Files (x86)\VMware\VMware Workstation\bin\;C:\Program Files\Common Files\Oracle\Java\javapath;C:\WINDOWS\system32;C:\WINDOWS;C:\WINDOWS\System32\Wbem;C:\WINDOWS\System32\WindowsPowerShell\v1.0\;C:\WINDOWS\System32\OpenSSH\;C:\Users\user\AppData\Local\Programs\Python\Python39\Scripts;C:\Program Files\nodejs\;C:\ProgramData\chocolatey\bin;C:\Program Files\MySQL\MySQL Server 8.0\bin\;C:\Program Files\Git\cmd;c:\Program Files (x86)\Microsoft SQL Server\100\Tools\Binn\;c:\Program Files (x86)\Microsoft SQL Server\100\DTS\Binn\;c:\Program Files (x86)\Microsoft SQL Server\100\Tools\Binn\VSShell\Common7\IDE\;C:\Program Files\Docker\Docker\resources\bin;C:\Program Files\MySQL\MySQL Shell 8.0\bin\;C:\Python310\Scripts\;C:\Python310\;C:\Users\user\AppData\Local\Microsoft\WindowsApps;C:\Users\user\AppData\Local\Packages\PythonSoftwareFoundation.Python.3.10_qbz5n2kfra8p0\LocalCache\;C:\Users\user\AppData\Local\Programs\Microsoft VS Code\bin;C:\MinGW\bin;C:\Users\user\AppData\Roaming\npm;C:\Program Files\nodejs;C:\Users\user\AppData\Local\Packages\PythonSoftwareFoundation.Python.3.10_qbz5n2kfra8p0\LocalCache\local-packages\Python310\Scripts;C:\Users\user\AppData\Local\GitHubDesktop\bin;C:\php;;C:\Program Files\JetBrains\IntelliJ IDEA 2023.1\bin;

Yarn version: 
  1.22.19

Node version: 
  16.16.0

Platform: 
  win32 x64

Trace: 
  Error: ENOSPC: no space left on device, copyfile 'C:\Users\user\AppData\Local\Yarn\Cache\v6\npm-@thirdweb-dev-contracts-3.10.1-98afe49e172f737200e7c69c20a551454cdfc551-integrity\node_modules\@thirdweb-dev\contracts\abi\ERC1155Base.json' -> 'C:\Users\user\Desktop\Blockchain\start\secondcontract\node_modules\@thirdweb-dev\contracts\abi\ERC1155Base.json'

npm manifest: 
  {
    "name": "hardhat-javascript-starter",
    "scripts": {
      "build": "npx thirdweb@latest detect",
      "deploy": "npx thirdweb@latest deploy",
      "release": "npx thirdweb@latest release"
    },
    "devDependencies": {
      "@matterlabs/hardhat-zksync-solc": "^0.3.17",
      "hardhat": "^2.13.0"
    },
    "dependencies": {
      "@thirdweb-dev/contracts": "^3.8.0",
      "zksync-web3": "^0.14.3"
    }
  }

yarn manifest: 
  No manifest

Lockfile: 
  No lockfile
